<?xml version="1.0" encoding="UTF-8"?>
<testng-results ignored="0" total="1" passed="1" failed="0" skipped="0">
  <reporter-output>
  </reporter-output>
  <suite started-at="2024-01-17T19:27:19 IST" name="Suite" finished-at="2024-01-17T19:27:40 IST" duration-ms="20593">
    <groups>
    </groups>
    <test started-at="2024-01-17T19:27:19 IST" name="Test" finished-at="2024-01-17T19:27:40 IST" duration-ms="20593">
      <class name="para.p1">
        <test-method signature="data(java.lang.String,java.lang.String)[pri:0, instance:para.p1@6f96c77]" started-at="2024-01-17T19:27:19 IST" name="data" finished-at="2024-01-17T19:27:40 IST" duration-ms="20545" status="PASS">
          <params>
            <param index="0">
              <value>
                <![CDATA[abcd1234]]>
              </value>
            </param>
            <param index="1">
              <value>
                <![CDATA[1234545667]]>
              </value>
            </param>
          </params>
          <reporter-output>
          </reporter-output>
        </test-method> <!-- data -->
      </class> <!-- para.p1 -->
    </test> <!-- Test -->
  </suite> <!-- Suite -->
</testng-results>
